<?xml version="1.0" encoding="UTF-8"?>
<!-- Generated by org.testng.reporters.JUnitReportReporter -->
<testsuite hostname="LAPTOP-9CMC27MQ" failures="0" tests="1" name="DemoA" time="0.007" errors="0" timestamp="15 Oct 2018 16:30:02 GMT" skipped="0">
  <testcase classname="DemoA" name="testA" time="0.007"/>
</testsuite> <!-- DemoA -->
