<?xml version="1.0" encoding="UTF-8"?>
<!-- Generated by org.testng.reporters.JUnitReportReporter -->
<testsuite hostname="LAPTOP-9CMC27MQ" failures="0" tests="1" name="TestPackage.DemoMaven" time="0.008" errors="0" timestamp="15 Oct 2018 16:34:05 GMT" skipped="0">
  <testcase classname="TestPackage.DemoMaven" name="test" time="0.008"/>
</testsuite> <!-- TestPackage.DemoMaven -->
